
> ehs-compliance-frontend@1.0.0 start
> react-scripts start

(node:47920) [DEP_WEBPACK_DEV_SERVER_ON_AFTER_SETUP_MIDDLEWARE] DeprecationWarning: 'onAfterSetupMiddleware' option is deprecated. Please use the 'setupMiddlewares' option.
(Use `node --trace-deprecation ...` to show where the warning was created)
(node:47920) [DEP_WEBPACK_DEV_SERVER_ON_BEFORE_SETUP_MIDDLEWARE] DeprecationWarning: 'onBeforeSetupMiddleware' option is deprecated. Please use the 'setupMiddlewares' option.
Starting the development server...

Compiled successfully!

You can now view ehs-compliance-frontend in the browser.

  Local:            http://localhost:3000
  On Your Network:  http://10.136.0.4:3000

Note that the development build is not optimized.
To create a production build, use npm run build.

webpack compiled successfully

> ehs-compliance-frontend@1.0.0 start
> react-scripts start

(node:50914) [DEP_WEBPACK_DEV_SERVER_ON_AFTER_SETUP_MIDDLEWARE] DeprecationWarning: 'onAfterSetupMiddleware' option is deprecated. Please use the 'setupMiddlewares' option.
(Use `node --trace-deprecation ...` to show where the warning was created)
(node:50914) [DEP_WEBPACK_DEV_SERVER_ON_BEFORE_SETUP_MIDDLEWARE] DeprecationWarning: 'onBeforeSetupMiddleware' option is deprecated. Please use the 'setupMiddlewares' option.
Starting the development server...

Compiled successfully!

You can now view ehs-compliance-frontend in the browser.

  Local:            http://localhost:3000
  On Your Network:  http://10.136.0.4:3000

Note that the development build is not optimized.
To create a production build, use npm run build.

webpack compiled successfully
Compiling...
Compiled with warnings.

[eslint] 
src/config/api.js
  Line 31:1:  Assign object to a variable before exporting as module default  import/no-anonymous-default-export

Search for the keywords to learn more about each warning.
To ignore, add // eslint-disable-next-line to the line before.

WARNING in [eslint] 
src/config/api.js
  Line 31:1:  Assign object to a variable before exporting as module default  import/no-anonymous-default-export

webpack compiled with 1 warning
The build failed because the process exited too early. This probably means the system ran out of memory or someone called `kill -9` on the process.

> ehs-compliance-frontend@1.0.0 start
> react-scripts start

(node:59364) [DEP_WEBPACK_DEV_SERVER_ON_AFTER_SETUP_MIDDLEWARE] DeprecationWarning: 'onAfterSetupMiddleware' option is deprecated. Please use the 'setupMiddlewares' option.
(Use `node --trace-deprecation ...` to show where the warning was created)
(node:59364) [DEP_WEBPACK_DEV_SERVER_ON_BEFORE_SETUP_MIDDLEWARE] DeprecationWarning: 'onBeforeSetupMiddleware' option is deprecated. Please use the 'setupMiddlewares' option.
Starting the development server...

Compiled successfully!

You can now view ehs-compliance-frontend in the browser.

  Local:            http://localhost:3000
  On Your Network:  http://10.136.0.4:3000

Note that the development build is not optimized.
To create a production build, use npm run build.

webpack compiled successfully
Compiling...
Compiled with warnings.

[eslint] 
src/config/api.js
  Line 31:1:  Assign object to a variable before exporting as module default  import/no-anonymous-default-export

Search for the keywords to learn more about each warning.
To ignore, add // eslint-disable-next-line to the line before.

WARNING in [eslint] 
src/config/api.js
  Line 31:1:  Assign object to a variable before exporting as module default  import/no-anonymous-default-export

webpack compiled with 1 warning

> ehs-compliance-frontend@1.0.0 start
> react-scripts start

(node:61991) [DEP_WEBPACK_DEV_SERVER_ON_AFTER_SETUP_MIDDLEWARE] DeprecationWarning: 'onAfterSetupMiddleware' option is deprecated. Please use the 'setupMiddlewares' option.
(Use `node --trace-deprecation ...` to show where the warning was created)
(node:61991) [DEP_WEBPACK_DEV_SERVER_ON_BEFORE_SETUP_MIDDLEWARE] DeprecationWarning: 'onBeforeSetupMiddleware' option is deprecated. Please use the 'setupMiddlewares' option.
Starting the development server...

Compiled successfully!

You can now view ehs-compliance-frontend in the browser.

  Local:            http://localhost:3000
  On Your Network:  http://10.136.0.4:3000

Note that the development build is not optimized.
To create a production build, use npm run build.

webpack compiled successfully

> ehs-compliance-frontend@1.0.0 start
> react-scripts start

(node:66963) [DEP_WEBPACK_DEV_SERVER_ON_AFTER_SETUP_MIDDLEWARE] DeprecationWarning: 'onAfterSetupMiddleware' option is deprecated. Please use the 'setupMiddlewares' option.
(Use `node --trace-deprecation ...` to show where the warning was created)
(node:66963) [DEP_WEBPACK_DEV_SERVER_ON_BEFORE_SETUP_MIDDLEWARE] DeprecationWarning: 'onBeforeSetupMiddleware' option is deprecated. Please use the 'setupMiddlewares' option.
Starting the development server...

Compiled successfully!

You can now view ehs-compliance-frontend in the browser.

  Local:            http://localhost:3000
  On Your Network:  http://10.136.0.4:3000

Note that the development build is not optimized.
To create a production build, use npm run build.

webpack compiled successfully

> ehs-compliance-frontend@1.0.0 start
> react-scripts start

(node:99826) [DEP_WEBPACK_DEV_SERVER_ON_AFTER_SETUP_MIDDLEWARE] DeprecationWarning: 'onAfterSetupMiddleware' option is deprecated. Please use the 'setupMiddlewares' option.
(Use `node --trace-deprecation ...` to show where the warning was created)
(node:99826) [DEP_WEBPACK_DEV_SERVER_ON_BEFORE_SETUP_MIDDLEWARE] DeprecationWarning: 'onBeforeSetupMiddleware' option is deprecated. Please use the 'setupMiddlewares' option.
Starting the development server...

Compiled successfully!

You can now view ehs-compliance-frontend in the browser.

  Local:            http://localhost:3000
  On Your Network:  http://10.136.0.4:3000

Note that the development build is not optimized.
To create a production build, use npm run build.

webpack compiled successfully
